2024-01-23 16:09:51,911 INFO [main] R.Application Starting Application on DESKTOP-IUMT8OT with PID 32864 (C:\Users\User\Desktop\dataeng\Random-Number-Generator\target\classes started by User in C:\Users\User\Desktop\dataeng\Random-Number-Generator)
2024-01-23 16:09:51,915 INFO [main] R.Application No active profile set, falling back to default profiles: default
2024-01-23 16:09:52,747 INFO [main] o.s.b.w.e.t.TomcatWebServer Tomcat initialized with port(s): 8080 (http)
2024-01-23 16:09:52,763 INFO [main] o.a.c.h.Http11NioProtocol Initializing ProtocolHandler ["http-nio-8080"]
2024-01-23 16:09:52,771 INFO [main] o.a.c.c.StandardService Starting service [Tomcat]
2024-01-23 16:09:52,771 INFO [main] o.a.c.c.StandardEngine Starting Servlet engine: [Apache Tomcat/9.0.21]
2024-01-23 16:09:52,855 INFO [main] o.a.c.c.C.[.[.[/] Initializing Spring embedded WebApplicationContext
2024-01-23 16:09:52,855 INFO [main] o.s.w.c.ContextLoader Root WebApplicationContext: initialization completed in 886 ms
2024-01-23 16:09:53,003 INFO [main] o.s.s.c.ThreadPoolTaskExecutor Initializing ExecutorService 'applicationTaskExecutor'
2024-01-23 16:09:53,170 INFO [main] o.a.c.h.Http11NioProtocol Starting ProtocolHandler ["http-nio-8080"]
2024-01-23 16:09:53,199 ERROR [main] o.a.c.u.LifecycleBase Failed to start component [Connector[HTTP/1.1-8080]]
org.apache.catalina.LifecycleException: Protocol handler start failed
	at org.apache.catalina.connector.Connector.startInternal(Connector.java:1008)
	at org.apache.catalina.util.LifecycleBase.start(LifecycleBase.java:183)
	at org.apache.catalina.core.StandardService.addConnector(StandardService.java:227)
	at org.springframework.boot.web.embedded.tomcat.TomcatWebServer.addPreviouslyRemovedConnectors(TomcatWebServer.java:263)
	at org.springframework.boot.web.embedded.tomcat.TomcatWebServer.start(TomcatWebServer.java:195)
	at org.springframework.boot.web.servlet.context.ServletWebServerApplicationContext.startWebServer(ServletWebServerApplicationContext.java:296)
	at org.springframework.boot.web.servlet.context.ServletWebServerApplicationContext.finishRefresh(ServletWebServerApplicationContext.java:162)
	at org.springframework.context.support.AbstractApplicationContext.refresh(AbstractApplicationContext.java:552)
	at org.springframework.boot.web.servlet.context.ServletWebServerApplicationContext.refresh(ServletWebServerApplicationContext.java:140)
	at org.springframework.boot.SpringApplication.refresh(SpringApplication.java:742)
	at org.springframework.boot.SpringApplication.refreshContext(SpringApplication.java:389)
	at org.springframework.boot.SpringApplication.run(SpringApplication.java:311)
	at org.springframework.boot.SpringApplication.run(SpringApplication.java:1213)
	at org.springframework.boot.SpringApplication.run(SpringApplication.java:1202)
	at RandomNumberGenerator.Application.main(Application.java:13)
Caused by: java.net.BindException: Address already in use: bind
	at java.base/sun.nio.ch.Net.bind0(Native Method)
	at java.base/sun.nio.ch.Net.bind(Net.java:565)
	at java.base/sun.nio.ch.ServerSocketChannelImpl.netBind(ServerSocketChannelImpl.java:344)
	at java.base/sun.nio.ch.ServerSocketChannelImpl.bind(ServerSocketChannelImpl.java:301)
	at java.base/sun.nio.ch.ServerSocketAdaptor.bind(ServerSocketAdaptor.java:89)
	at org.apache.tomcat.util.net.NioEndpoint.initServerSocket(NioEndpoint.java:230)
	at org.apache.tomcat.util.net.NioEndpoint.bind(NioEndpoint.java:213)
	at org.apache.tomcat.util.net.AbstractEndpoint.bindWithCleanup(AbstractEndpoint.java:1124)
	at org.apache.tomcat.util.net.AbstractEndpoint.start(AbstractEndpoint.java:1210)
	at org.apache.coyote.AbstractProtocol.start(AbstractProtocol.java:585)
	at org.apache.catalina.connector.Connector.startInternal(Connector.java:1005)
	... 14 common frames omitted
2024-01-23 16:09:53,203 INFO [main] o.a.c.h.Http11NioProtocol Pausing ProtocolHandler ["http-nio-8080"]
2024-01-23 16:09:53,203 INFO [main] o.a.c.c.StandardService Stopping service [Tomcat]
2024-01-23 16:09:53,209 INFO [main] o.a.c.u.LifecycleBase The stop() method was called on component [StandardServer[-1]] after stop() had already been called. The second call will be ignored.
2024-01-23 16:09:53,209 INFO [main] o.a.c.h.Http11NioProtocol Stopping ProtocolHandler ["http-nio-8080"]
2024-01-23 16:09:53,209 INFO [main] o.a.c.h.Http11NioProtocol Destroying ProtocolHandler ["http-nio-8080"]
2024-01-23 16:09:53,211 INFO [main] o.s.b.a.l.ConditionEvaluationReportLoggingListener 

Error starting ApplicationContext. To display the conditions report re-run your application with 'debug' enabled.
2024-01-23 16:09:53,211 ERROR [main] o.s.b.d.LoggingFailureAnalysisReporter 

***************************
APPLICATION FAILED TO START
***************************

Description:

The Tomcat connector configured to listen on port 8080 failed to start. The port may already be in use or the connector may be misconfigured.

Action:

Verify the connector's configuration, identify and stop any process that's listening on port 8080, or configure this application to listen on another port.

2024-01-23 16:09:53,213 INFO [main] o.s.s.c.ThreadPoolTaskExecutor Shutting down ExecutorService 'applicationTaskExecutor'
2024-01-23 17:15:38,857 INFO [main] R.Application Starting Application on DESKTOP-IUMT8OT with PID 29436 (C:\Users\User\Desktop\dataeng\Random-Number-Generator\target\classes started by User in C:\Users\User\Desktop\dataeng\Random-Number-Generator)
2024-01-23 17:15:38,859 INFO [main] R.Application No active profile set, falling back to default profiles: default
2024-01-23 17:15:39,640 INFO [main] o.s.b.w.e.t.TomcatWebServer Tomcat initialized with port(s): 8080 (http)
2024-01-23 17:15:39,653 INFO [main] o.a.c.h.Http11NioProtocol Initializing ProtocolHandler ["http-nio-8080"]
2024-01-23 17:15:39,660 INFO [main] o.a.c.c.StandardService Starting service [Tomcat]
2024-01-23 17:15:39,660 INFO [main] o.a.c.c.StandardEngine Starting Servlet engine: [Apache Tomcat/9.0.21]
2024-01-23 17:15:39,742 INFO [main] o.a.c.c.C.[.[.[/] Initializing Spring embedded WebApplicationContext
2024-01-23 17:15:39,743 INFO [main] o.s.w.c.ContextLoader Root WebApplicationContext: initialization completed in 843 ms
2024-01-23 17:15:39,883 INFO [main] o.s.s.c.ThreadPoolTaskExecutor Initializing ExecutorService 'applicationTaskExecutor'
2024-01-23 17:15:40,023 INFO [main] o.a.c.h.Http11NioProtocol Starting ProtocolHandler ["http-nio-8080"]
2024-01-23 17:15:40,052 ERROR [main] o.a.c.u.LifecycleBase Failed to start component [Connector[HTTP/1.1-8080]]
org.apache.catalina.LifecycleException: Protocol handler start failed
	at org.apache.catalina.connector.Connector.startInternal(Connector.java:1008)
	at org.apache.catalina.util.LifecycleBase.start(LifecycleBase.java:183)
	at org.apache.catalina.core.StandardService.addConnector(StandardService.java:227)
	at org.springframework.boot.web.embedded.tomcat.TomcatWebServer.addPreviouslyRemovedConnectors(TomcatWebServer.java:263)
	at org.springframework.boot.web.embedded.tomcat.TomcatWebServer.start(TomcatWebServer.java:195)
	at org.springframework.boot.web.servlet.context.ServletWebServerApplicationContext.startWebServer(ServletWebServerApplicationContext.java:296)
	at org.springframework.boot.web.servlet.context.ServletWebServerApplicationContext.finishRefresh(ServletWebServerApplicationContext.java:162)
	at org.springframework.context.support.AbstractApplicationContext.refresh(AbstractApplicationContext.java:552)
	at org.springframework.boot.web.servlet.context.ServletWebServerApplicationContext.refresh(ServletWebServerApplicationContext.java:140)
	at org.springframework.boot.SpringApplication.refresh(SpringApplication.java:742)
	at org.springframework.boot.SpringApplication.refreshContext(SpringApplication.java:389)
	at org.springframework.boot.SpringApplication.run(SpringApplication.java:311)
	at org.springframework.boot.SpringApplication.run(SpringApplication.java:1213)
	at org.springframework.boot.SpringApplication.run(SpringApplication.java:1202)
	at RandomNumberGenerator.Application.main(Application.java:13)
Caused by: java.net.BindException: Address already in use: bind
	at java.base/sun.nio.ch.Net.bind0(Native Method)
	at java.base/sun.nio.ch.Net.bind(Net.java:565)
	at java.base/sun.nio.ch.ServerSocketChannelImpl.netBind(ServerSocketChannelImpl.java:344)
	at java.base/sun.nio.ch.ServerSocketChannelImpl.bind(ServerSocketChannelImpl.java:301)
	at java.base/sun.nio.ch.ServerSocketAdaptor.bind(ServerSocketAdaptor.java:89)
	at org.apache.tomcat.util.net.NioEndpoint.initServerSocket(NioEndpoint.java:230)
	at org.apache.tomcat.util.net.NioEndpoint.bind(NioEndpoint.java:213)
	at org.apache.tomcat.util.net.AbstractEndpoint.bindWithCleanup(AbstractEndpoint.java:1124)
	at org.apache.tomcat.util.net.AbstractEndpoint.start(AbstractEndpoint.java:1210)
	at org.apache.coyote.AbstractProtocol.start(AbstractProtocol.java:585)
	at org.apache.catalina.connector.Connector.startInternal(Connector.java:1005)
	... 14 common frames omitted
2024-01-23 17:15:40,054 INFO [main] o.a.c.h.Http11NioProtocol Pausing ProtocolHandler ["http-nio-8080"]
2024-01-23 17:15:40,054 INFO [main] o.a.c.c.StandardService Stopping service [Tomcat]
2024-01-23 17:15:40,058 INFO [main] o.a.c.u.LifecycleBase The stop() method was called on component [StandardServer[-1]] after stop() had already been called. The second call will be ignored.
2024-01-23 17:15:40,059 INFO [main] o.a.c.h.Http11NioProtocol Stopping ProtocolHandler ["http-nio-8080"]
2024-01-23 17:15:40,059 INFO [main] o.a.c.h.Http11NioProtocol Destroying ProtocolHandler ["http-nio-8080"]
2024-01-23 17:15:40,060 INFO [main] o.s.b.a.l.ConditionEvaluationReportLoggingListener 

Error starting ApplicationContext. To display the conditions report re-run your application with 'debug' enabled.
2024-01-23 17:15:40,061 ERROR [main] o.s.b.d.LoggingFailureAnalysisReporter 

***************************
APPLICATION FAILED TO START
***************************

Description:

The Tomcat connector configured to listen on port 8080 failed to start. The port may already be in use or the connector may be misconfigured.

Action:

Verify the connector's configuration, identify and stop any process that's listening on port 8080, or configure this application to listen on another port.

2024-01-23 17:15:40,062 INFO [main] o.s.s.c.ThreadPoolTaskExecutor Shutting down ExecutorService 'applicationTaskExecutor'
